<?xml version="1.0" encoding="UTF-8"?>
<!-- Generated by org.testng.reporters.JUnitXMLReporter -->
<testsuite ignored="0" hostname="USHYDSALAHARI9" failures="1" tests="3" name="Regression1" time="5.184" errors="0" timestamp="13 Oct 2020 15:31:17 GMT">
  <testcase classname="Second.Tests" name="m1" time="5.133"/>
  <testcase classname="Second.Tests" name="m2" time="0.001"/>
  <testcase classname="Second.Tests" name="m3" time="0.0">
    <failure type="org.testng.TestNGException" message="
Cannot inject @Test annotated Method [m3] with [interface org.testng.ITestResult].
For more information on native dependency injection please refer to http://testng.org/doc/documentation-main.html#native-dependency-injection">
      <![CDATA[org.testng.TestNGException: 
For more information on native dependency injection please refer to http://testng.org/doc/documentation-main.html#native-dependency-injection
... Removed 25 stack frames]]>
    </failure>
  </testcase> <!-- m3 -->
</testsuite> <!-- Regression1 -->
