<?xml version="1.0" encoding="UTF-8"?>
<testng-results ignored="0" total="3" passed="3" failed="0" skipped="0">
  <reporter-output>
  </reporter-output>
  <suite started-at="2020-10-14T19:03:41Z" name="Suite1" finished-at="2020-10-14T19:03:46Z" duration-ms="4737">
    <groups>
    </groups>
    <test started-at="2020-10-14T19:03:41Z" name="Regression1" finished-at="2020-10-14T19:03:46Z" duration-ms="4737">
      <class name="Second.Tests">
        <test-method signature="m1()[pri:0, instance:Second.Tests@11f0a5a1]" started-at="2020-10-14T19:03:42Z" name="m1" finished-at="2020-10-14T19:03:46Z" duration-ms="4668" status="PASS">
          <reporter-output>
          </reporter-output>
        </test-method> <!-- m1 -->
        <test-method signature="m2()[pri:0, instance:Second.Tests@11f0a5a1]" started-at="2020-10-14T19:03:46Z" name="m2" finished-at="2020-10-14T19:03:46Z" duration-ms="2" status="PASS">
          <reporter-output>
          </reporter-output>
        </test-method> <!-- m2 -->
        <test-method signature="m3()[pri:0, instance:Second.Tests@11f0a5a1]" started-at="2020-10-14T19:03:46Z" name="m3" finished-at="2020-10-14T19:03:46Z" duration-ms="2" status="PASS">
          <reporter-output>
          </reporter-output>
        </test-method> <!-- m3 -->
        <test-method is-config="true" signature="teardown()[pri:0, instance:Second.Tests@11f0a5a1]" started-at="2020-10-14T19:03:46Z" name="teardown" finished-at="2020-10-14T19:03:46Z" duration-ms="104" status="PASS">
          <reporter-output>
          </reporter-output>
        </test-method> <!-- teardown -->
      </class> <!-- Second.Tests -->
    </test> <!-- Regression1 -->
  </suite> <!-- Suite1 -->
</testng-results>
